2022-Sep-12 17:43:53 [main] INFO  c.a.CsvJpaApplication                              - Starting CsvJpaApplication using Java 17.0.3 on NAG1-LHP-N76287 with PID 21560 (/home/taru.jain/Documents/workspace-spring-tool-suite-4-4.15.1.RELEASE/CsvJpa/target/classes started by taru.jain in /home/taru.jain/Documents/workspace-spring-tool-suite-4-4.15.1.RELEASE/CsvJpa)
2022-Sep-12 17:43:53 [main] INFO  c.a.CsvJpaApplication                              - No active profile set, falling back to 1 default profile: "default"
2022-Sep-12 17:43:54 [main] INFO  o.s.d.r.c.RepositoryConfigurationDelegate          - Bootstrapping Spring Data JPA repositories in DEFAULT mode.
2022-Sep-12 17:43:54 [main] INFO  o.s.d.r.c.RepositoryConfigurationDelegate          - Finished Spring Data repository scanning in 24 ms. Found 2 JPA repository interfaces.
2022-Sep-12 17:43:54 [main] INFO  o.s.b.w.e.t.TomcatWebServer                        - Tomcat initialized with port(s): 8888 (http)
2022-Sep-12 17:43:54 [main] INFO  o.a.c.h.Http11NioProtocol                          - Initializing ProtocolHandler ["http-nio-8888"]
2022-Sep-12 17:43:54 [main] INFO  o.a.c.c.StandardService                            - Starting service [Tomcat]
2022-Sep-12 17:43:54 [main] INFO  o.a.c.c.StandardEngine                             - Starting Servlet engine: [Apache Tomcat/9.0.65]
2022-Sep-12 17:43:54 [main] INFO  o.a.c.c.C.[.[.[/]                                  - Initializing Spring embedded WebApplicationContext
2022-Sep-12 17:43:54 [main] INFO  o.s.b.w.s.c.ServletWebServerApplicationContext     - Root WebApplicationContext: initialization completed in 733 ms
2022-Sep-12 17:43:54 [main] INFO  o.h.j.i.u.LogHelper                                - HHH000204: Processing PersistenceUnitInfo [name: default]
2022-Sep-12 17:43:54 [main] INFO  o.h.Version                                        - HHH000412: Hibernate ORM core version 5.6.10.Final
2022-Sep-12 17:43:54 [main] INFO  o.h.a.c.Version                                    - HCANN000001: Hibernate Commons Annotations {5.1.2.Final}
2022-Sep-12 17:43:54 [main] INFO  c.z.h.HikariDataSource                             - HikariPool-1 - Starting...
2022-Sep-12 17:43:55 [main] INFO  c.z.h.HikariDataSource                             - HikariPool-1 - Start completed.
2022-Sep-12 17:43:55 [main] INFO  o.h.d.Dialect                                      - HHH000400: Using dialect: org.hibernate.dialect.MySQL57Dialect
2022-Sep-12 17:43:55 [main] INFO  o.h.e.t.j.p.i.JtaPlatformInitiator                 - HHH000490: Using JtaPlatform implementation: [org.hibernate.engine.transaction.jta.platform.internal.NoJtaPlatform]
2022-Sep-12 17:43:55 [main] INFO  o.s.o.j.LocalContainerEntityManagerFactoryBean     - Initialized JPA EntityManagerFactory for persistence unit 'default'
2022-Sep-12 17:43:55 [main] WARN  o.s.b.a.o.j.JpaBaseConfiguration$JpaWebConfiguration - spring.jpa.open-in-view is enabled by default. Therefore, database queries may be performed during view rendering. Explicitly configure spring.jpa.open-in-view to disable this warning
2022-Sep-12 17:43:55 [main] INFO  o.s.s.w.DefaultSecurityFilterChain                 - Will secure any request with [org.springframework.security.web.session.DisableEncodeUrlFilter@433d5536, org.springframework.security.web.context.request.async.WebAsyncManagerIntegrationFilter@101eb529, org.springframework.security.web.context.SecurityContextPersistenceFilter@70736b19, org.springframework.security.web.header.HeaderWriterFilter@1d2aa638, org.springframework.security.web.csrf.CsrfFilter@6a486afb, org.springframework.security.web.authentication.logout.LogoutFilter@c8d20bb, org.springframework.security.web.authentication.UsernamePasswordAuthenticationFilter@6b6c882c, org.springframework.security.web.authentication.ui.DefaultLoginPageGeneratingFilter@771b2b5b, org.springframework.security.web.authentication.ui.DefaultLogoutPageGeneratingFilter@6a9b8f33, org.springframework.security.web.authentication.www.BasicAuthenticationFilter@6b3708f0, org.springframework.security.web.savedrequest.RequestCacheAwareFilter@7a553110, org.springframework.security.web.servletapi.SecurityContextHolderAwareRequestFilter@4b8466c2, org.springframework.security.web.authentication.AnonymousAuthenticationFilter@5ac8916d, org.springframework.security.web.session.SessionManagementFilter@67c1fc9b, org.springframework.security.web.access.ExceptionTranslationFilter@69b436a7, org.springframework.security.web.access.intercept.FilterSecurityInterceptor@2d18d9ed]
2022-Sep-12 17:43:56 [main] INFO  o.a.c.h.Http11NioProtocol                          - Starting ProtocolHandler ["http-nio-8888"]
2022-Sep-12 17:43:56 [main] INFO  o.s.b.w.e.t.TomcatWebServer                        - Tomcat started on port(s): 8888 (http) with context path ''
2022-Sep-12 17:43:56 [main] INFO  c.a.CsvJpaApplication                              - Started CsvJpaApplication in 2.324 seconds (JVM running for 2.85)
2022-Sep-12 17:43:56 [main] ERROR c.a.CsvJpaApplication                              - Error level log message
2022-Sep-12 17:43:56 [main] INFO  c.a.CsvJpaApplication                              - Info level log message
2022-Sep-12 17:45:10 [RMI TCP Connection(5)-127.0.0.1] INFO  o.s.b.a.SpringApplicationAdminMXBeanRegistrar$SpringApplicationAdmin - Application shutdown requested.
2022-Sep-12 17:45:10 [RMI TCP Connection(5)-127.0.0.1] INFO  o.a.c.h.Http11NioProtocol                          - Pausing ProtocolHandler ["http-nio-8888"]
2022-Sep-12 17:45:10 [RMI TCP Connection(5)-127.0.0.1] INFO  o.a.c.c.StandardService                            - Stopping service [Tomcat]
2022-Sep-12 17:45:10 [RMI TCP Connection(5)-127.0.0.1] INFO  o.a.c.h.Http11NioProtocol                          - Stopping ProtocolHandler ["http-nio-8888"]
2022-Sep-12 17:45:10 [RMI TCP Connection(5)-127.0.0.1] INFO  o.a.c.h.Http11NioProtocol                          - Destroying ProtocolHandler ["http-nio-8888"]
2022-Sep-12 17:45:10 [RMI TCP Connection(5)-127.0.0.1] INFO  o.s.o.j.LocalContainerEntityManagerFactoryBean     - Closing JPA EntityManagerFactory for persistence unit 'default'
2022-Sep-12 17:45:10 [RMI TCP Connection(5)-127.0.0.1] INFO  c.z.h.HikariDataSource                             - HikariPool-1 - Shutdown initiated...
2022-Sep-12 17:45:10 [RMI TCP Connection(5)-127.0.0.1] INFO  c.z.h.HikariDataSource                             - HikariPool-1 - Shutdown completed.
2022-Sep-13 11:38:39 [main] INFO  c.a.CsvJpaApplication                              - Starting CsvJpaApplication using Java 17.0.3 on NAG1-LHP-N76287 with PID 10148 (/home/taru.jain/Documents/workspace-spring-tool-suite-4-4.15.1.RELEASE/CsvJpa/target/classes started by taru.jain in /home/taru.jain/Documents/workspace-spring-tool-suite-4-4.15.1.RELEASE/CsvJpa)
2022-Sep-13 11:38:39 [main] INFO  c.a.CsvJpaApplication                              - No active profile set, falling back to 1 default profile: "default"
2022-Sep-13 11:38:39 [main] INFO  o.s.d.r.c.RepositoryConfigurationDelegate          - Bootstrapping Spring Data JPA repositories in DEFAULT mode.
2022-Sep-13 11:38:39 [main] INFO  o.s.d.r.c.RepositoryConfigurationDelegate          - Finished Spring Data repository scanning in 19 ms. Found 2 JPA repository interfaces.
2022-Sep-13 11:38:40 [main] INFO  o.s.b.w.e.t.TomcatWebServer                        - Tomcat initialized with port(s): 8888 (http)
2022-Sep-13 11:38:40 [main] INFO  o.a.c.h.Http11NioProtocol                          - Initializing ProtocolHandler ["http-nio-8888"]
2022-Sep-13 11:38:40 [main] INFO  o.a.c.c.StandardService                            - Starting service [Tomcat]
2022-Sep-13 11:38:40 [main] INFO  o.a.c.c.StandardEngine                             - Starting Servlet engine: [Apache Tomcat/9.0.65]
2022-Sep-13 11:38:40 [main] INFO  o.a.c.c.C.[.[.[/]                                  - Initializing Spring embedded WebApplicationContext
2022-Sep-13 11:38:40 [main] INFO  o.s.b.w.s.c.ServletWebServerApplicationContext     - Root WebApplicationContext: initialization completed in 780 ms
2022-Sep-13 11:38:40 [main] INFO  o.h.j.i.u.LogHelper                                - HHH000204: Processing PersistenceUnitInfo [name: default]
2022-Sep-13 11:38:40 [main] INFO  o.h.Version                                        - HHH000412: Hibernate ORM core version 5.6.10.Final
2022-Sep-13 11:38:40 [main] INFO  o.h.a.c.Version                                    - HCANN000001: Hibernate Commons Annotations {5.1.2.Final}
2022-Sep-13 11:38:40 [main] INFO  c.z.h.HikariDataSource                             - HikariPool-1 - Starting...
2022-Sep-13 11:38:40 [main] INFO  c.z.h.HikariDataSource                             - HikariPool-1 - Start completed.
2022-Sep-13 11:38:40 [main] INFO  o.h.d.Dialect                                      - HHH000400: Using dialect: org.hibernate.dialect.MySQL57Dialect
2022-Sep-13 11:38:41 [main] INFO  o.h.e.t.j.p.i.JtaPlatformInitiator                 - HHH000490: Using JtaPlatform implementation: [org.hibernate.engine.transaction.jta.platform.internal.NoJtaPlatform]
2022-Sep-13 11:38:41 [main] INFO  o.s.o.j.LocalContainerEntityManagerFactoryBean     - Initialized JPA EntityManagerFactory for persistence unit 'default'
2022-Sep-13 11:38:41 [main] WARN  o.s.b.a.o.j.JpaBaseConfiguration$JpaWebConfiguration - spring.jpa.open-in-view is enabled by default. Therefore, database queries may be performed during view rendering. Explicitly configure spring.jpa.open-in-view to disable this warning
2022-Sep-13 11:38:41 [main] INFO  o.s.s.w.DefaultSecurityFilterChain                 - Will secure any request with [org.springframework.security.web.session.DisableEncodeUrlFilter@2d18d9ed, org.springframework.security.web.context.request.async.WebAsyncManagerIntegrationFilter@7c9b0c16, org.springframework.security.web.context.SecurityContextPersistenceFilter@5c8859b4, org.springframework.security.web.header.HeaderWriterFilter@30623109, org.springframework.security.web.csrf.CsrfFilter@453bbb9b, org.springframework.security.web.authentication.logout.LogoutFilter@771b2b5b, org.springframework.security.web.authentication.UsernamePasswordAuthenticationFilter@7f19430f, org.springframework.security.web.authentication.ui.DefaultLoginPageGeneratingFilter@1134a934, org.springframework.security.web.authentication.ui.DefaultLogoutPageGeneratingFilter@34e1c23d, org.springframework.security.web.authentication.www.BasicAuthenticationFilter@53c0424a, org.springframework.security.web.savedrequest.RequestCacheAwareFilter@40874f54, org.springframework.security.web.servletapi.SecurityContextHolderAwareRequestFilter@2bc21edd, org.springframework.security.web.authentication.AnonymousAuthenticationFilter@240fa4ad, org.springframework.security.web.session.SessionManagementFilter@4fe8ac61, org.springframework.security.web.access.ExceptionTranslationFilter@c6a1be2, org.springframework.security.web.access.intercept.FilterSecurityInterceptor@6c2a7c73]
2022-Sep-13 11:38:41 [main] INFO  o.a.c.h.Http11NioProtocol                          - Starting ProtocolHandler ["http-nio-8888"]
2022-Sep-13 11:38:41 [main] INFO  o.s.b.w.e.t.TomcatWebServer                        - Tomcat started on port(s): 8888 (http) with context path ''
2022-Sep-13 11:38:41 [main] INFO  c.a.CsvJpaApplication                              - Started CsvJpaApplication in 2.512 seconds (JVM running for 3.266)
2022-Sep-13 11:38:41 [main] ERROR c.a.CsvJpaApplication                              - Error level log message not actual error
2022-Sep-13 11:38:41 [main] INFO  c.a.CsvJpaApplication                              - Info level log message
2022-Sep-13 11:38:47 [http-nio-8888-exec-1] INFO  o.a.c.c.C.[.[.[/]                                  - Initializing Spring DispatcherServlet 'dispatcherServlet'
2022-Sep-13 11:38:47 [http-nio-8888-exec-1] INFO  o.s.w.s.DispatcherServlet                          - Initializing Servlet 'dispatcherServlet'
2022-Sep-13 11:38:47 [http-nio-8888-exec-1] INFO  o.s.w.s.DispatcherServlet                          - Completed initialization in 3 ms
2022-Sep-13 11:42:15 [RMI TCP Connection(7)-127.0.0.1] INFO  o.s.b.a.SpringApplicationAdminMXBeanRegistrar$SpringApplicationAdmin - Application shutdown requested.
2022-Sep-13 11:42:15 [RMI TCP Connection(7)-127.0.0.1] INFO  o.a.c.h.Http11NioProtocol                          - Pausing ProtocolHandler ["http-nio-8888"]
2022-Sep-13 11:42:15 [RMI TCP Connection(7)-127.0.0.1] INFO  o.a.c.c.StandardService                            - Stopping service [Tomcat]
2022-Sep-13 11:42:15 [RMI TCP Connection(7)-127.0.0.1] INFO  o.a.c.c.C.[.[.[/]                                  - Destroying Spring FrameworkServlet 'dispatcherServlet'
2022-Sep-13 11:42:15 [RMI TCP Connection(7)-127.0.0.1] INFO  o.a.c.h.Http11NioProtocol                          - Stopping ProtocolHandler ["http-nio-8888"]
2022-Sep-13 11:42:15 [RMI TCP Connection(7)-127.0.0.1] INFO  o.a.c.h.Http11NioProtocol                          - Destroying ProtocolHandler ["http-nio-8888"]
2022-Sep-13 11:42:15 [RMI TCP Connection(7)-127.0.0.1] INFO  o.s.o.j.LocalContainerEntityManagerFactoryBean     - Closing JPA EntityManagerFactory for persistence unit 'default'
2022-Sep-13 11:42:15 [RMI TCP Connection(7)-127.0.0.1] INFO  c.z.h.HikariDataSource                             - HikariPool-1 - Shutdown initiated...
2022-Sep-13 11:42:15 [RMI TCP Connection(7)-127.0.0.1] INFO  c.z.h.HikariDataSource                             - HikariPool-1 - Shutdown completed.
2022-Sep-13 11:42:16 [main] INFO  c.a.CsvJpaApplication                              - Starting CsvJpaApplication using Java 17.0.3 on NAG1-LHP-N76287 with PID 10870 (/home/taru.jain/Documents/workspace-spring-tool-suite-4-4.15.1.RELEASE/CsvJpa/target/classes started by taru.jain in /home/taru.jain/Documents/workspace-spring-tool-suite-4-4.15.1.RELEASE/CsvJpa)
2022-Sep-13 11:42:16 [main] INFO  c.a.CsvJpaApplication                              - No active profile set, falling back to 1 default profile: "default"
2022-Sep-13 11:42:17 [main] INFO  o.s.d.r.c.RepositoryConfigurationDelegate          - Bootstrapping Spring Data JPA repositories in DEFAULT mode.
2022-Sep-13 11:42:17 [main] INFO  o.s.d.r.c.RepositoryConfigurationDelegate          - Finished Spring Data repository scanning in 17 ms. Found 2 JPA repository interfaces.
2022-Sep-13 11:42:17 [main] INFO  o.s.b.w.e.t.TomcatWebServer                        - Tomcat initialized with port(s): 8888 (http)
2022-Sep-13 11:42:17 [main] INFO  o.a.c.h.Http11NioProtocol                          - Initializing ProtocolHandler ["http-nio-8888"]
2022-Sep-13 11:42:17 [main] INFO  o.a.c.c.StandardService                            - Starting service [Tomcat]
2022-Sep-13 11:42:17 [main] INFO  o.a.c.c.StandardEngine                             - Starting Servlet engine: [Apache Tomcat/9.0.65]
2022-Sep-13 11:42:17 [main] INFO  o.a.c.c.C.[.[.[/]                                  - Initializing Spring embedded WebApplicationContext
2022-Sep-13 11:42:17 [main] INFO  o.s.b.w.s.c.ServletWebServerApplicationContext     - Root WebApplicationContext: initialization completed in 771 ms
2022-Sep-13 11:42:17 [main] INFO  o.h.j.i.u.LogHelper                                - HHH000204: Processing PersistenceUnitInfo [name: default]
2022-Sep-13 11:42:17 [main] INFO  o.h.Version                                        - HHH000412: Hibernate ORM core version 5.6.10.Final
2022-Sep-13 11:42:17 [main] INFO  o.h.a.c.Version                                    - HCANN000001: Hibernate Commons Annotations {5.1.2.Final}
2022-Sep-13 11:42:17 [main] INFO  c.z.h.HikariDataSource                             - HikariPool-1 - Starting...
2022-Sep-13 11:42:17 [main] INFO  c.z.h.HikariDataSource                             - HikariPool-1 - Start completed.
2022-Sep-13 11:42:17 [main] INFO  o.h.d.Dialect                                      - HHH000400: Using dialect: org.hibernate.dialect.MySQL57Dialect
2022-Sep-13 11:42:18 [main] INFO  o.h.e.t.j.p.i.JtaPlatformInitiator                 - HHH000490: Using JtaPlatform implementation: [org.hibernate.engine.transaction.jta.platform.internal.NoJtaPlatform]
2022-Sep-13 11:42:18 [main] INFO  o.s.o.j.LocalContainerEntityManagerFactoryBean     - Initialized JPA EntityManagerFactory for persistence unit 'default'
2022-Sep-13 11:42:18 [main] WARN  o.s.b.a.o.j.JpaBaseConfiguration$JpaWebConfiguration - spring.jpa.open-in-view is enabled by default. Therefore, database queries may be performed during view rendering. Explicitly configure spring.jpa.open-in-view to disable this warning
2022-Sep-13 11:42:18 [main] INFO  o.s.s.w.DefaultSecurityFilterChain                 - Will secure any request with [org.springframework.security.web.session.DisableEncodeUrlFilter@408a0e92, org.springframework.security.web.context.request.async.WebAsyncManagerIntegrationFilter@2d18d9ed, org.springframework.security.web.context.SecurityContextPersistenceFilter@4795876e, org.springframework.security.web.header.HeaderWriterFilter@6a486afb, org.springframework.security.web.csrf.CsrfFilter@66e27ac9, org.springframework.security.web.authentication.logout.LogoutFilter@70e07ef8, org.springframework.security.web.authentication.UsernamePasswordAuthenticationFilter@314407dd, org.springframework.security.web.authentication.ui.DefaultLoginPageGeneratingFilter@696a6506, org.springframework.security.web.authentication.ui.DefaultLogoutPageGeneratingFilter@7c9b0c16, org.springframework.security.web.authentication.www.BasicAuthenticationFilter@23f9d0ce, org.springframework.security.web.savedrequest.RequestCacheAwareFilter@56897de0, org.springframework.security.web.servletapi.SecurityContextHolderAwareRequestFilter@40874f54, org.springframework.security.web.authentication.AnonymousAuthenticationFilter@34e1c23d, org.springframework.security.web.session.SessionManagementFilter@138110f8, org.springframework.security.web.access.ExceptionTranslationFilter@6278371a, org.springframework.security.web.access.intercept.FilterSecurityInterceptor@360432d3]
2022-Sep-13 11:42:18 [main] INFO  o.a.c.h.Http11NioProtocol                          - Starting ProtocolHandler ["http-nio-8888"]
2022-Sep-13 11:42:18 [main] INFO  o.s.b.w.e.t.TomcatWebServer                        - Tomcat started on port(s): 8888 (http) with context path ''
2022-Sep-13 11:42:18 [main] INFO  c.a.CsvJpaApplication                              - Started CsvJpaApplication in 2.33 seconds (JVM running for 2.813)
2022-Sep-13 11:42:18 [main] ERROR c.a.CsvJpaApplication                              - Error level log message not actual error
2022-Sep-13 11:42:18 [main] INFO  c.a.CsvJpaApplication                              - Info level log message
2022-Sep-13 11:42:25 [http-nio-8888-exec-1] INFO  o.a.c.c.C.[.[.[/]                                  - Initializing Spring DispatcherServlet 'dispatcherServlet'
2022-Sep-13 11:42:25 [http-nio-8888-exec-1] INFO  o.s.w.s.DispatcherServlet                          - Initializing Servlet 'dispatcherServlet'
2022-Sep-13 11:42:25 [http-nio-8888-exec-1] INFO  o.s.w.s.DispatcherServlet                          - Completed initialization in 1 ms
2022-Sep-13 11:47:20 [RMI TCP Connection(8)-127.0.0.1] INFO  o.s.b.a.SpringApplicationAdminMXBeanRegistrar$SpringApplicationAdmin - Application shutdown requested.
2022-Sep-13 11:47:20 [RMI TCP Connection(8)-127.0.0.1] INFO  o.a.c.h.Http11NioProtocol                          - Pausing ProtocolHandler ["http-nio-8888"]
2022-Sep-13 11:47:20 [RMI TCP Connection(8)-127.0.0.1] INFO  o.a.c.c.StandardService                            - Stopping service [Tomcat]
2022-Sep-13 11:47:20 [RMI TCP Connection(8)-127.0.0.1] INFO  o.a.c.c.C.[.[.[/]                                  - Destroying Spring FrameworkServlet 'dispatcherServlet'
2022-Sep-13 11:47:20 [RMI TCP Connection(8)-127.0.0.1] INFO  o.a.c.h.Http11NioProtocol                          - Stopping ProtocolHandler ["http-nio-8888"]
2022-Sep-13 11:47:20 [RMI TCP Connection(8)-127.0.0.1] INFO  o.a.c.h.Http11NioProtocol                          - Destroying ProtocolHandler ["http-nio-8888"]
2022-Sep-13 11:47:20 [RMI TCP Connection(8)-127.0.0.1] INFO  o.s.o.j.LocalContainerEntityManagerFactoryBean     - Closing JPA EntityManagerFactory for persistence unit 'default'
2022-Sep-13 11:47:20 [RMI TCP Connection(8)-127.0.0.1] INFO  c.z.h.HikariDataSource                             - HikariPool-1 - Shutdown initiated...
2022-Sep-13 11:47:20 [RMI TCP Connection(8)-127.0.0.1] INFO  c.z.h.HikariDataSource                             - HikariPool-1 - Shutdown completed.
2022-Sep-13 11:47:21 [main] INFO  c.a.CsvJpaApplication                              - Starting CsvJpaApplication using Java 17.0.3 on NAG1-LHP-N76287 with PID 11606 (/home/taru.jain/Documents/workspace-spring-tool-suite-4-4.15.1.RELEASE/CsvJpa/target/classes started by taru.jain in /home/taru.jain/Documents/workspace-spring-tool-suite-4-4.15.1.RELEASE/CsvJpa)
2022-Sep-13 11:47:21 [main] INFO  c.a.CsvJpaApplication                              - No active profile set, falling back to 1 default profile: "default"
2022-Sep-13 11:47:22 [main] INFO  o.s.d.r.c.RepositoryConfigurationDelegate          - Bootstrapping Spring Data JPA repositories in DEFAULT mode.
2022-Sep-13 11:47:22 [main] INFO  o.s.d.r.c.RepositoryConfigurationDelegate          - Finished Spring Data repository scanning in 18 ms. Found 2 JPA repository interfaces.
2022-Sep-13 11:47:22 [main] INFO  o.s.b.w.e.t.TomcatWebServer                        - Tomcat initialized with port(s): 8888 (http)
2022-Sep-13 11:47:22 [main] INFO  o.a.c.h.Http11NioProtocol                          - Initializing ProtocolHandler ["http-nio-8888"]
2022-Sep-13 11:47:22 [main] INFO  o.a.c.c.StandardService                            - Starting service [Tomcat]
2022-Sep-13 11:47:22 [main] INFO  o.a.c.c.StandardEngine                             - Starting Servlet engine: [Apache Tomcat/9.0.65]
2022-Sep-13 11:47:22 [main] INFO  o.a.c.c.C.[.[.[/]                                  - Initializing Spring embedded WebApplicationContext
2022-Sep-13 11:47:22 [main] INFO  o.s.b.w.s.c.ServletWebServerApplicationContext     - Root WebApplicationContext: initialization completed in 714 ms
2022-Sep-13 11:47:22 [main] INFO  o.h.j.i.u.LogHelper                                - HHH000204: Processing PersistenceUnitInfo [name: default]
2022-Sep-13 11:47:22 [main] INFO  o.h.Version                                        - HHH000412: Hibernate ORM core version 5.6.10.Final
2022-Sep-13 11:47:22 [main] INFO  o.h.a.c.Version                                    - HCANN000001: Hibernate Commons Annotations {5.1.2.Final}
2022-Sep-13 11:47:22 [main] INFO  c.z.h.HikariDataSource                             - HikariPool-1 - Starting...
2022-Sep-13 11:47:22 [main] INFO  c.z.h.HikariDataSource                             - HikariPool-1 - Start completed.
2022-Sep-13 11:47:22 [main] INFO  o.h.d.Dialect                                      - HHH000400: Using dialect: org.hibernate.dialect.MySQL57Dialect
2022-Sep-13 11:47:23 [main] INFO  o.h.e.t.j.p.i.JtaPlatformInitiator                 - HHH000490: Using JtaPlatform implementation: [org.hibernate.engine.transaction.jta.platform.internal.NoJtaPlatform]
2022-Sep-13 11:47:23 [main] INFO  o.s.o.j.LocalContainerEntityManagerFactoryBean     - Initialized JPA EntityManagerFactory for persistence unit 'default'
2022-Sep-13 11:47:23 [main] WARN  o.s.b.a.o.j.JpaBaseConfiguration$JpaWebConfiguration - spring.jpa.open-in-view is enabled by default. Therefore, database queries may be performed during view rendering. Explicitly configure spring.jpa.open-in-view to disable this warning
2022-Sep-13 11:47:23 [main] INFO  o.a.c.h.Http11NioProtocol                          - Starting ProtocolHandler ["http-nio-8888"]
2022-Sep-13 11:47:23 [main] INFO  o.s.b.w.e.t.TomcatWebServer                        - Tomcat started on port(s): 8888 (http) with context path ''
2022-Sep-13 11:47:23 [main] INFO  c.a.CsvJpaApplication                              - Started CsvJpaApplication in 2.155 seconds (JVM running for 2.666)
2022-Sep-13 11:47:23 [main] ERROR c.a.CsvJpaApplication                              - Error level log message not actual error
2022-Sep-13 11:47:23 [main] INFO  c.a.CsvJpaApplication                              - Info level log message
2022-Sep-13 11:47:29 [http-nio-8888-exec-1] INFO  o.a.c.c.C.[.[.[/]                                  - Initializing Spring DispatcherServlet 'dispatcherServlet'
2022-Sep-13 11:47:29 [http-nio-8888-exec-1] INFO  o.s.w.s.DispatcherServlet                          - Initializing Servlet 'dispatcherServlet'
2022-Sep-13 11:47:29 [http-nio-8888-exec-1] INFO  o.s.w.s.DispatcherServlet                          - Completed initialization in 1 ms
